[0.562s] Invoking command in '/home/daxton/simulation/ros2_ws/src/key_press': DEBUGINFOD_URLS=https://debuginfod.ubuntu.com PS1=(ros2_py310_env) \[\e]0;\u@\h: \w\a\]${debian_chroot:+($debian_chroot)}\[\033[01;32m\]\u@\h\[\033[00m\]:\[\033[01;34m\]\w\[\033[00m\]\$ PYTHONPATH=/home/daxton/simulation/ros2_ws/src/key_press/build/key_press/prefix_override:/usr/lib/python3/dist-packages/colcon_core/task/python/colcon_distutils_commands:/home/daxton/simulation/ros2_ws/src/key_press/install/key_press/lib/python3.12/site-packages:${PYTHONPATH} VIRTUAL_ENV_PROMPT=(ros2_py310_env) /usr/bin/python3 -W ignore:setup.py install is deprecated -W ignore:easy_install command is deprecated setup.py egg_info --egg-base build/key_press build --build-base /home/daxton/simulation/ros2_ws/src/key_press/build/key_press/build install --record /home/daxton/simulation/ros2_ws/src/key_press/build/key_press/install.log --single-version-externally-managed install_data
[0.750s] running egg_info
[0.751s] creating build/key_press/key_press.egg-info
[0.763s] writing build/key_press/key_press.egg-info/PKG-INFO
[0.764s] writing dependency_links to build/key_press/key_press.egg-info/dependency_links.txt
[0.764s] writing requirements to build/key_press/key_press.egg-info/requires.txt
[0.764s] writing top-level names to build/key_press/key_press.egg-info/top_level.txt
[0.764s] writing manifest file 'build/key_press/key_press.egg-info/SOURCES.txt'
[0.789s] reading manifest file 'build/key_press/key_press.egg-info/SOURCES.txt'
[0.790s] writing manifest file 'build/key_press/key_press.egg-info/SOURCES.txt'
[0.790s] running build
[0.790s] running build_py
[0.790s] creating /home/daxton/simulation/ros2_ws/src/key_press/build/key_press/build
[0.790s] creating /home/daxton/simulation/ros2_ws/src/key_press/build/key_press/build/lib
[0.791s] creating /home/daxton/simulation/ros2_ws/src/key_press/build/key_press/build/lib/key_press
[0.791s] copying key_press/keys.py -> /home/daxton/simulation/ros2_ws/src/key_press/build/key_press/build/lib/key_press
[0.791s] copying key_press/sound.py -> /home/daxton/simulation/ros2_ws/src/key_press/build/key_press/build/lib/key_press
[0.791s] copying key_press/__init__.py -> /home/daxton/simulation/ros2_ws/src/key_press/build/key_press/build/lib/key_press
[0.791s] running install
[0.795s] running install_lib
[0.808s] creating /home/daxton/simulation/ros2_ws/src/key_press/install/key_press/lib/python3.12/site-packages/key_press
[0.808s] copying /home/daxton/simulation/ros2_ws/src/key_press/build/key_press/build/lib/key_press/keys.py -> /home/daxton/simulation/ros2_ws/src/key_press/install/key_press/lib/python3.12/site-packages/key_press
[0.808s] copying /home/daxton/simulation/ros2_ws/src/key_press/build/key_press/build/lib/key_press/sound.py -> /home/daxton/simulation/ros2_ws/src/key_press/install/key_press/lib/python3.12/site-packages/key_press
[0.808s] copying /home/daxton/simulation/ros2_ws/src/key_press/build/key_press/build/lib/key_press/__init__.py -> /home/daxton/simulation/ros2_ws/src/key_press/install/key_press/lib/python3.12/site-packages/key_press
[0.808s] byte-compiling /home/daxton/simulation/ros2_ws/src/key_press/install/key_press/lib/python3.12/site-packages/key_press/keys.py to keys.cpython-312.pyc
[0.809s] byte-compiling /home/daxton/simulation/ros2_ws/src/key_press/install/key_press/lib/python3.12/site-packages/key_press/sound.py to sound.cpython-312.pyc
[0.809s] byte-compiling /home/daxton/simulation/ros2_ws/src/key_press/install/key_press/lib/python3.12/site-packages/key_press/__init__.py to __init__.cpython-312.pyc
[0.809s] running install_data
[0.809s] creating /home/daxton/simulation/ros2_ws/src/key_press/install/key_press/share/ament_index
[0.809s] creating /home/daxton/simulation/ros2_ws/src/key_press/install/key_press/share/ament_index/resource_index
[0.809s] creating /home/daxton/simulation/ros2_ws/src/key_press/install/key_press/share/ament_index/resource_index/packages
[0.809s] copying resource/key_press -> /home/daxton/simulation/ros2_ws/src/key_press/install/key_press/share/ament_index/resource_index/packages
[0.810s] copying package.xml -> /home/daxton/simulation/ros2_ws/src/key_press/install/key_press/share/key_press
[0.810s] creating /home/daxton/simulation/ros2_ws/src/key_press/install/key_press/share/key_press/key_press
[0.810s] copying key_press/keys.py -> /home/daxton/simulation/ros2_ws/src/key_press/install/key_press/share/key_press/key_press
[0.810s] copying key_press/sound.py -> /home/daxton/simulation/ros2_ws/src/key_press/install/key_press/share/key_press/key_press
[0.810s] running install_egg_info
[0.823s] Copying build/key_press/key_press.egg-info to /home/daxton/simulation/ros2_ws/src/key_press/install/key_press/lib/python3.12/site-packages/key_press-0.0.0-py3.12.egg-info
[0.823s] running install_scripts
[0.910s] writing list of installed files to '/home/daxton/simulation/ros2_ws/src/key_press/build/key_press/install.log'
[0.932s] Invoked command in '/home/daxton/simulation/ros2_ws/src/key_press' returned '0': DEBUGINFOD_URLS=https://debuginfod.ubuntu.com PS1=(ros2_py310_env) \[\e]0;\u@\h: \w\a\]${debian_chroot:+($debian_chroot)}\[\033[01;32m\]\u@\h\[\033[00m\]:\[\033[01;34m\]\w\[\033[00m\]\$ PYTHONPATH=/home/daxton/simulation/ros2_ws/src/key_press/build/key_press/prefix_override:/usr/lib/python3/dist-packages/colcon_core/task/python/colcon_distutils_commands:/home/daxton/simulation/ros2_ws/src/key_press/install/key_press/lib/python3.12/site-packages:${PYTHONPATH} VIRTUAL_ENV_PROMPT=(ros2_py310_env) /usr/bin/python3 -W ignore:setup.py install is deprecated -W ignore:easy_install command is deprecated setup.py egg_info --egg-base build/key_press build --build-base /home/daxton/simulation/ros2_ws/src/key_press/build/key_press/build install --record /home/daxton/simulation/ros2_ws/src/key_press/build/key_press/install.log --single-version-externally-managed install_data
